Using pre-set license

 COMMAND LINE ARGUMENTS:
/Applications/Unity/Hub/Editor/2020.3.6f1/Unity.app/Contents/MacOS/Unity
-adb2
-batchMode
-noUpm
-name
AssetImportWorker0
-projectPath
/Users/matic/Projects/Unity/MNCA
-logFile
Logs/AssetImportWorker0.log
-srvPort
64965
Successfully changed project path to: /Users/matic/Projects/Unity/MNCA
/Users/matic/Projects/Unity/MNCA
Using Asset Import Pipeline V2.
Refreshing native plugins compatible for Editor in 39.46 ms, found 2 plugins.
Preloading 0 native plugins for Editor in 0.00 ms.
Initialize engine version: 2020.3.6f1 (338bb68529b2)
[Subsystems] Discovering subsystems at path /Applications/Unity/Hub/Editor/2020.3.6f1/Unity.app/Contents/Resources/UnitySubsystems
[Subsystems] Discovering subsystems at path /Users/matic/Projects/Unity/MNCA/Assets
GfxDevice: creating device client; threaded=0
2021-05-02 15:59:39.691 Unity[9367:846682] Color LCD preferred device: Intel(R) Iris(TM) Plus Graphics 645 (low power)
2021-05-02 15:59:39.691 Unity[9367:846682] Metal devices available: 1
2021-05-02 15:59:39.691 Unity[9367:846682] 0: Intel(R) Iris(TM) Plus Graphics 645 (low power)
2021-05-02 15:59:39.692 Unity[9367:846682] Using device Intel(R) Iris(TM) Plus Graphics 645 (low power)
Initializing Metal device caps: Intel(R) Iris(TM) Plus Graphics 645
Initialize mono
Mono path[0] = '/Applications/Unity/Hub/Editor/2020.3.6f1/Unity.app/Contents/Managed'
Mono path[1] = '/Applications/Unity/Hub/Editor/2020.3.6f1/Unity.app/Contents/MonoBleedingEdge/lib/mono/unityjit'
Mono config path = '/Applications/Unity/Hub/Editor/2020.3.6f1/Unity.app/Contents/MonoBleedingEdge/etc'
Using monoOptions --debugger-agent=transport=dt_socket,embedding=1,server=y,suspend=n,address=127.0.0.1:56367
Begin MonoManager ReloadAssembly
Registering precompiled unity dll's ...
Register platform support module: /Applications/Unity/Hub/Editor/2020.3.6f1/PlaybackEngines/WebGLSupport/UnityEditor.WebGL.Extensions.dll
Register platform support module: /Applications/Unity/Hub/Editor/2020.3.6f1/Unity.app/Contents/PlaybackEngines/MacStandaloneSupport/UnityEditor.OSXStandalone.Extensions.dll
Registered in 0.004215 seconds.
Native extension for OSXStandalone target not found
Native extension for WebGL target not found
Refreshing native plugins compatible for Editor in 36.56 ms, found 2 plugins.
Preloading 0 native plugins for Editor in 0.00 ms.
Mono: successfully reloaded assembly
- Completed reload, in  4.659 seconds
Platform modules already initialized, skipping
Registering precompiled user dll's ...
Registered in 0.002340 seconds.
Begin MonoManager ReloadAssembly
Native extension for OSXStandalone target not found
Native extension for WebGL target not found
Refreshing native plugins compatible for Editor in 33.59 ms, found 2 plugins.
Preloading 0 native plugins for Editor in 0.00 ms.
Mono: successfully reloaded assembly
- Completed reload, in  1.117 seconds
Platform modules already initialized, skipping
========================================================================
Worker process is ready to serve import requests
Launching external process: /Applications/Unity/Hub/Editor/2020.3.6f1/Unity.app/Contents/Tools/UnityShaderCompiler
Launched and connected shader compiler UnityShaderCompiler after 0.03 seconds
Refreshing native plugins compatible for Editor in 0.42 ms, found 2 plugins.
Preloading 0 native plugins for Editor in 0.00 ms.
Unloading 1810 Unused Serialized files (Serialized files now loaded: 0)
System memory in use before: 149.0 MB.
System memory in use after: 148.9 MB.

Unloading 24 unused Assets to reduce memory usage. Loaded Objects now: 2253.
Total: 3.414420 ms (FindLiveObjects: 0.407920 ms CreateObjectMapping: 0.208610 ms MarkObjects: 2.640006 ms  DeleteObjects: 0.155161 ms)

========================================================================
Received Import Request.
  path: Assets/Project/Scripts/LargerThanLife.compute
  artifactKey: Guid(17df50d64d27d471c8016c599c4fca03) Importer(815301076,1909f56bfc062723c751e8b465ee728b)
Start importing Assets/Project/Scripts/LargerThanLife.compute using Guid(17df50d64d27d471c8016c599c4fca03) Importer(815301076,1909f56bfc062723c751e8b465ee728b)  -> (artifact id: '81666ebd696ea8446e0e60e96c3b5032') in 0.284027 seconds
  Import took 0.287765 seconds .

========================================================================
Received Prepare
Registering precompiled user dll's ...
Registered in 0.002512 seconds.
Begin MonoManager ReloadAssembly
Native extension for OSXStandalone target not found
Native extension for WebGL target not found
Refreshing native plugins compatible for Editor in 0.42 ms, found 2 plugins.
Preloading 0 native plugins for Editor in 0.00 ms.
Mono: successfully reloaded assembly
- Completed reload, in  1.019 seconds
Platform modules already initialized, skipping
Refreshing native plugins compatible for Editor in 0.45 ms, found 2 plugins.
Preloading 0 native plugins for Editor in 0.00 ms.
Unloading 1805 Unused Serialized files (Serialized files now loaded: 0)
System memory in use before: 153.5 MB.
System memory in use after: 153.5 MB.

Unloading 12 unused Assets to reduce memory usage. Loaded Objects now: 2257.
Total: 2.554129 ms (FindLiveObjects: 0.337315 ms CreateObjectMapping: 0.095453 ms MarkObjects: 2.010368 ms  DeleteObjects: 0.109799 ms)

========================================================================
Received Import Request.
  Time since last request: 16.176887 seconds.
  path: Assets/Project/Scripts/LargerThanLife.compute
  artifactKey: Guid(17df50d64d27d471c8016c599c4fca03) Importer(815301076,1909f56bfc062723c751e8b465ee728b)
Start importing Assets/Project/Scripts/LargerThanLife.compute using Guid(17df50d64d27d471c8016c599c4fca03) Importer(815301076,1909f56bfc062723c751e8b465ee728b)  -> (artifact id: 'e5652ed0963fbbb84696b9dbff3454fb') in 0.012867 seconds
  Import took 0.018944 seconds .

========================================================================
Received Prepare
Registering precompiled user dll's ...
Registered in 0.002275 seconds.
Begin MonoManager ReloadAssembly
Native extension for OSXStandalone target not found
Native extension for WebGL target not found
Refreshing native plugins compatible for Editor in 0.41 ms, found 2 plugins.
Preloading 0 native plugins for Editor in 0.00 ms.
Mono: successfully reloaded assembly
- Completed reload, in  1.044 seconds
Platform modules already initialized, skipping
Refreshing native plugins compatible for Editor in 0.43 ms, found 2 plugins.
Preloading 0 native plugins for Editor in 0.00 ms.
Unloading 1805 Unused Serialized files (Serialized files now loaded: 0)
System memory in use before: 153.6 MB.
System memory in use after: 153.5 MB.

Unloading 12 unused Assets to reduce memory usage. Loaded Objects now: 2261.
Total: 2.508162 ms (FindLiveObjects: 0.235945 ms CreateObjectMapping: 0.070488 ms MarkObjects: 2.089658 ms  DeleteObjects: 0.110904 ms)

========================================================================
Received Import Request.
  Time since last request: 33.493384 seconds.
  path: Assets/Project/Scripts/LargerThanLife.compute
  artifactKey: Guid(17df50d64d27d471c8016c599c4fca03) Importer(815301076,1909f56bfc062723c751e8b465ee728b)
Start importing Assets/Project/Scripts/LargerThanLife.compute using Guid(17df50d64d27d471c8016c599c4fca03) Importer(815301076,1909f56bfc062723c751e8b465ee728b)  -> (artifact id: '5bcfad5b814d03c17934c9c587fe284e') in 0.012795 seconds
  Import took 0.017199 seconds .

========================================================================
Received Import Request.
  Time since last request: 0.409629 seconds.
  path: Assets/Project/Scripts/LargerThanLife.compute
  artifactKey: Guid(17df50d64d27d471c8016c599c4fca03) Importer(815301076,1909f56bfc062723c751e8b465ee728b)
Start importing Assets/Project/Scripts/LargerThanLife.compute using Guid(17df50d64d27d471c8016c599c4fca03) Importer(815301076,1909f56bfc062723c751e8b465ee728b)  -> (artifact id: '5bcfad5b814d03c17934c9c587fe284e') in 0.001937 seconds
  Import took 0.005984 seconds .

========================================================================
Received Prepare
Registering precompiled user dll's ...
Registered in 0.001251 seconds.
Begin MonoManager ReloadAssembly
Native extension for OSXStandalone target not found
Native extension for WebGL target not found
Refreshing native plugins compatible for Editor in 0.42 ms, found 2 plugins.
Preloading 0 native plugins for Editor in 0.00 ms.
Mono: successfully reloaded assembly
- Completed reload, in  1.076 seconds
Platform modules already initialized, skipping
Refreshing native plugins compatible for Editor in 0.61 ms, found 2 plugins.
Preloading 0 native plugins for Editor in 0.00 ms.
Unloading 1805 Unused Serialized files (Serialized files now loaded: 0)
System memory in use before: 153.8 MB.
System memory in use after: 153.8 MB.

Unloading 12 unused Assets to reduce memory usage. Loaded Objects now: 2265.
Total: 4.725085 ms (FindLiveObjects: 0.554368 ms CreateObjectMapping: 0.159040 ms MarkObjects: 3.831596 ms  DeleteObjects: 0.176487 ms)

========================================================================
Received Import Request.
  Time since last request: 24.844115 seconds.
  path: Assets/Project/Scripts/LargerThanLife.compute
  artifactKey: Guid(17df50d64d27d471c8016c599c4fca03) Importer(815301076,1909f56bfc062723c751e8b465ee728b)
Start importing Assets/Project/Scripts/LargerThanLife.compute using Guid(17df50d64d27d471c8016c599c4fca03) Importer(815301076,1909f56bfc062723c751e8b465ee728b)  -> (artifact id: '8a655a54d47fccb66640dd8144348633') in 0.015149 seconds
  Import took 0.019423 seconds .

========================================================================
Received Prepare
Registering precompiled user dll's ...
Registered in 0.000829 seconds.
Begin MonoManager ReloadAssembly
Native extension for OSXStandalone target not found
Native extension for WebGL target not found
Refreshing native plugins compatible for Editor in 0.42 ms, found 2 plugins.
Preloading 0 native plugins for Editor in 0.00 ms.
Mono: successfully reloaded assembly
- Completed reload, in  1.019 seconds
Platform modules already initialized, skipping
Refreshing native plugins compatible for Editor in 0.44 ms, found 2 plugins.
Preloading 0 native plugins for Editor in 0.00 ms.
Unloading 1805 Unused Serialized files (Serialized files now loaded: 0)
System memory in use before: 154.1 MB.
System memory in use after: 154.1 MB.

Unloading 12 unused Assets to reduce memory usage. Loaded Objects now: 2269.
Total: 2.419732 ms (FindLiveObjects: 0.265674 ms CreateObjectMapping: 0.071464 ms MarkObjects: 1.975161 ms  DeleteObjects: 0.106236 ms)

========================================================================
Received Import Request.
  Time since last request: 12.707293 seconds.
  path: Assets/Project/Scripts/LargerThanLife.compute
  artifactKey: Guid(17df50d64d27d471c8016c599c4fca03) Importer(815301076,1909f56bfc062723c751e8b465ee728b)
Start importing Assets/Project/Scripts/LargerThanLife.compute using Guid(17df50d64d27d471c8016c599c4fca03) Importer(815301076,1909f56bfc062723c751e8b465ee728b)  -> (artifact id: '3d19fe9a4c50b5288c284d791abd29fd') in 0.012930 seconds
  Import took 0.016733 seconds .

========================================================================
Received Prepare
Registering precompiled user dll's ...
Registered in 0.002745 seconds.
Begin MonoManager ReloadAssembly
Native extension for OSXStandalone target not found
Native extension for WebGL target not found
Refreshing native plugins compatible for Editor in 0.42 ms, found 2 plugins.
Preloading 0 native plugins for Editor in 0.00 ms.
Mono: successfully reloaded assembly
- Completed reload, in  1.083 seconds
Platform modules already initialized, skipping
Refreshing native plugins compatible for Editor in 0.46 ms, found 2 plugins.
Preloading 0 native plugins for Editor in 0.00 ms.
Unloading 1805 Unused Serialized files (Serialized files now loaded: 0)
System memory in use before: 154.3 MB.
System memory in use after: 154.3 MB.

Unloading 12 unused Assets to reduce memory usage. Loaded Objects now: 2273.
Total: 2.518405 ms (FindLiveObjects: 0.366730 ms CreateObjectMapping: 0.164273 ms MarkObjects: 1.861917 ms  DeleteObjects: 0.122226 ms)

========================================================================
Received Import Request.
  Time since last request: 34.251742 seconds.
  path: Assets/Project/Scripts/LargerThanLife.compute
  artifactKey: Guid(17df50d64d27d471c8016c599c4fca03) Importer(815301076,1909f56bfc062723c751e8b465ee728b)
Start importing Assets/Project/Scripts/LargerThanLife.compute using Guid(17df50d64d27d471c8016c599c4fca03) Importer(815301076,1909f56bfc062723c751e8b465ee728b)  -> (artifact id: '87eeee8425a758e6bfa1fc3c72fd92b7') in 0.018144 seconds
  Import took 0.023235 seconds .

========================================================================
Received Prepare
Registering precompiled user dll's ...
Registered in 0.000640 seconds.
Begin MonoManager ReloadAssembly
Native extension for OSXStandalone target not found
Native extension for WebGL target not found
Refreshing native plugins compatible for Editor in 0.42 ms, found 2 plugins.
Preloading 0 native plugins for Editor in 0.00 ms.
Mono: successfully reloaded assembly
- Completed reload, in  1.011 seconds
Platform modules already initialized, skipping
Refreshing native plugins compatible for Editor in 0.40 ms, found 2 plugins.
Preloading 0 native plugins for Editor in 0.00 ms.
Unloading 1805 Unused Serialized files (Serialized files now loaded: 0)
System memory in use before: 154.5 MB.
System memory in use after: 154.4 MB.

Unloading 12 unused Assets to reduce memory usage. Loaded Objects now: 2277.
Total: 2.510684 ms (FindLiveObjects: 0.297554 ms CreateObjectMapping: 0.094056 ms MarkObjects: 1.996387 ms  DeleteObjects: 0.120080 ms)

========================================================================
Received Import Request.
  Time since last request: 20.433271 seconds.
  path: Assets/Project/Scripts/LargerThanLife.compute
  artifactKey: Guid(17df50d64d27d471c8016c599c4fca03) Importer(815301076,1909f56bfc062723c751e8b465ee728b)
Start importing Assets/Project/Scripts/LargerThanLife.compute using Guid(17df50d64d27d471c8016c599c4fca03) Importer(815301076,1909f56bfc062723c751e8b465ee728b)  -> (artifact id: '9ca6cd6c3e50dbb8af466db93bce74ec') in 0.012723 seconds
  Import took 0.017371 seconds .

========================================================================
Received Prepare
Registering precompiled user dll's ...
Registered in 0.000586 seconds.
Begin MonoManager ReloadAssembly
Native extension for OSXStandalone target not found
Native extension for WebGL target not found
Refreshing native plugins compatible for Editor in 0.53 ms, found 2 plugins.
Preloading 0 native plugins for Editor in 0.00 ms.
Mono: successfully reloaded assembly
- Completed reload, in  1.069 seconds
Platform modules already initialized, skipping
Refreshing native plugins compatible for Editor in 0.53 ms, found 2 plugins.
Preloading 0 native plugins for Editor in 0.00 ms.
Unloading 1805 Unused Serialized files (Serialized files now loaded: 0)
System memory in use before: 154.7 MB.
System memory in use after: 154.6 MB.

Unloading 12 unused Assets to reduce memory usage. Loaded Objects now: 2281.
Total: 3.248075 ms (FindLiveObjects: 0.330049 ms CreateObjectMapping: 0.118403 ms MarkObjects: 2.638786 ms  DeleteObjects: 0.158358 ms)

========================================================================
Received Import Request.
  Time since last request: 13.421985 seconds.
  path: Assets/Project/Scripts/LargerThanLife.compute
  artifactKey: Guid(17df50d64d27d471c8016c599c4fca03) Importer(815301076,1909f56bfc062723c751e8b465ee728b)
Start importing Assets/Project/Scripts/LargerThanLife.compute using Guid(17df50d64d27d471c8016c599c4fca03) Importer(815301076,1909f56bfc062723c751e8b465ee728b)  -> (artifact id: '2cf4e38bf32ee6b05715311ee5d02903') in 0.013940 seconds
  Import took 0.017284 seconds .

========================================================================
Received Prepare
Registering precompiled user dll's ...
Registered in 0.000673 seconds.
Begin MonoManager ReloadAssembly
Native extension for OSXStandalone target not found
Native extension for WebGL target not found
Refreshing native plugins compatible for Editor in 0.44 ms, found 2 plugins.
Preloading 0 native plugins for Editor in 0.00 ms.
Mono: successfully reloaded assembly
- Completed reload, in  1.042 seconds
Platform modules already initialized, skipping
Refreshing native plugins compatible for Editor in 0.29 ms, found 2 plugins.
Preloading 0 native plugins for Editor in 0.00 ms.
Unloading 1805 Unused Serialized files (Serialized files now loaded: 0)
System memory in use before: 154.9 MB.
System memory in use after: 154.8 MB.

Unloading 12 unused Assets to reduce memory usage. Loaded Objects now: 2285.
Total: 2.321102 ms (FindLiveObjects: 0.220385 ms CreateObjectMapping: 0.091434 ms MarkObjects: 1.895853 ms  DeleteObjects: 0.111712 ms)

========================================================================
Received Import Request.
  Time since last request: 14.167032 seconds.
  path: Assets/Project/Scripts/LargerThanLife.compute
  artifactKey: Guid(17df50d64d27d471c8016c599c4fca03) Importer(815301076,1909f56bfc062723c751e8b465ee728b)
Start importing Assets/Project/Scripts/LargerThanLife.compute using Guid(17df50d64d27d471c8016c599c4fca03) Importer(815301076,1909f56bfc062723c751e8b465ee728b)  -> (artifact id: '986d6fb59328e8fe115388aff2d8fe84') in 0.013200 seconds
  Import took 0.016782 seconds .

========================================================================
Received Prepare
Registering precompiled user dll's ...
Registered in 0.004603 seconds.
Begin MonoManager ReloadAssembly
Native extension for OSXStandalone target not found
Native extension for WebGL target not found
Refreshing native plugins compatible for Editor in 0.37 ms, found 2 plugins.
Preloading 0 native plugins for Editor in 0.00 ms.
Mono: successfully reloaded assembly
- Completed reload, in  1.067 seconds
Platform modules already initialized, skipping
Refreshing native plugins compatible for Editor in 0.50 ms, found 2 plugins.
Preloading 0 native plugins for Editor in 0.00 ms.
Unloading 1805 Unused Serialized files (Serialized files now loaded: 0)
System memory in use before: 154.9 MB.
System memory in use after: 154.9 MB.

Unloading 12 unused Assets to reduce memory usage. Loaded Objects now: 2289.
Total: 4.682169 ms (FindLiveObjects: 0.485200 ms CreateObjectMapping: 0.196379 ms MarkObjects: 3.802722 ms  DeleteObjects: 0.194260 ms)

========================================================================
Received Import Request.
  Time since last request: 51.620285 seconds.
  path: Assets/Project/Scripts/LargerThanLife.compute
  artifactKey: Guid(17df50d64d27d471c8016c599c4fca03) Importer(815301076,1909f56bfc062723c751e8b465ee728b)
Start importing Assets/Project/Scripts/LargerThanLife.compute using Guid(17df50d64d27d471c8016c599c4fca03) Importer(815301076,1909f56bfc062723c751e8b465ee728b)  -> (artifact id: 'a5ecfbbeef0f9ca759f8d24cd17baf19') in 0.013515 seconds
  Import took 0.017316 seconds .

========================================================================
Received Prepare
Registering precompiled user dll's ...
Registered in 0.001257 seconds.
Begin MonoManager ReloadAssembly
Native extension for OSXStandalone target not found
Native extension for WebGL target not found
Refreshing native plugins compatible for Editor in 0.41 ms, found 2 plugins.
Preloading 0 native plugins for Editor in 0.00 ms.
Mono: successfully reloaded assembly
- Completed reload, in  1.042 seconds
Platform modules already initialized, skipping
Refreshing native plugins compatible for Editor in 0.50 ms, found 2 plugins.
Preloading 0 native plugins for Editor in 0.00 ms.
Unloading 1805 Unused Serialized files (Serialized files now loaded: 0)
System memory in use before: 155.1 MB.
System memory in use after: 155.1 MB.

Unloading 12 unused Assets to reduce memory usage. Loaded Objects now: 2293.
Total: 4.160688 ms (FindLiveObjects: 0.383835 ms CreateObjectMapping: 0.129686 ms MarkObjects: 3.275211 ms  DeleteObjects: 0.369779 ms)

========================================================================
Received Import Request.
  Time since last request: 14.278098 seconds.
  path: Assets/Project/Scripts/LargerThanLife.compute
  artifactKey: Guid(17df50d64d27d471c8016c599c4fca03) Importer(815301076,1909f56bfc062723c751e8b465ee728b)
Start importing Assets/Project/Scripts/LargerThanLife.compute using Guid(17df50d64d27d471c8016c599c4fca03) Importer(815301076,1909f56bfc062723c751e8b465ee728b)  -> (artifact id: '8b785ef4846ba4dfc9fbdb8b768bb779') in 0.014230 seconds
  Import took 0.017983 seconds .

========================================================================
Received Prepare
Registering precompiled user dll's ...
Registered in 0.000761 seconds.
Begin MonoManager ReloadAssembly
Native extension for OSXStandalone target not found
Native extension for WebGL target not found
Refreshing native plugins compatible for Editor in 0.79 ms, found 2 plugins.
Preloading 0 native plugins for Editor in 0.00 ms.
Mono: successfully reloaded assembly
- Completed reload, in  1.037 seconds
Platform modules already initialized, skipping
Refreshing native plugins compatible for Editor in 0.45 ms, found 2 plugins.
Preloading 0 native plugins for Editor in 0.00 ms.
Unloading 1805 Unused Serialized files (Serialized files now loaded: 0)
System memory in use before: 155.3 MB.
System memory in use after: 155.3 MB.

Unloading 12 unused Assets to reduce memory usage. Loaded Objects now: 2297.
Total: 2.603348 ms (FindLiveObjects: 0.362008 ms CreateObjectMapping: 0.182444 ms MarkObjects: 1.931433 ms  DeleteObjects: 0.125386 ms)

========================================================================
Received Import Request.
  Time since last request: 12.675074 seconds.
  path: Assets/Project/Scripts/LargerThanLife.compute
  artifactKey: Guid(17df50d64d27d471c8016c599c4fca03) Importer(815301076,1909f56bfc062723c751e8b465ee728b)
Start importing Assets/Project/Scripts/LargerThanLife.compute using Guid(17df50d64d27d471c8016c599c4fca03) Importer(815301076,1909f56bfc062723c751e8b465ee728b)  -> (artifact id: 'dd0db3b903ed64e723bb2eca8a987cf1') in 0.013001 seconds
  Import took 0.016848 seconds .

========================================================================
Received Prepare
Registering precompiled user dll's ...
Registered in 0.001265 seconds.
Begin MonoManager ReloadAssembly
Native extension for OSXStandalone target not found
Native extension for WebGL target not found
Refreshing native plugins compatible for Editor in 0.42 ms, found 2 plugins.
Preloading 0 native plugins for Editor in 0.00 ms.
Mono: successfully reloaded assembly
- Completed reload, in  1.027 seconds
Platform modules already initialized, skipping
Refreshing native plugins compatible for Editor in 0.51 ms, found 2 plugins.
Preloading 0 native plugins for Editor in 0.00 ms.
Unloading 1805 Unused Serialized files (Serialized files now loaded: 0)
System memory in use before: 155.5 MB.
System memory in use after: 155.5 MB.

Unloading 12 unused Assets to reduce memory usage. Loaded Objects now: 2301.
Total: 4.884621 ms (FindLiveObjects: 0.475073 ms CreateObjectMapping: 0.192788 ms MarkObjects: 4.017697 ms  DeleteObjects: 0.194966 ms)

========================================================================
Received Prepare
Registering precompiled user dll's ...
Registered in 0.000937 seconds.
Begin MonoManager ReloadAssembly
Native extension for OSXStandalone target not found
Native extension for WebGL target not found
Refreshing native plugins compatible for Editor in 0.37 ms, found 2 plugins.
Preloading 0 native plugins for Editor in 0.00 ms.
Mono: successfully reloaded assembly
- Completed reload, in  1.008 seconds
Platform modules already initialized, skipping
Refreshing native plugins compatible for Editor in 0.46 ms, found 2 plugins.
Preloading 0 native plugins for Editor in 0.00 ms.
Unloading 1805 Unused Serialized files (Serialized files now loaded: 0)
System memory in use before: 155.7 MB.
System memory in use after: 155.7 MB.

Unloading 12 unused Assets to reduce memory usage. Loaded Objects now: 2305.
Total: 2.415716 ms (FindLiveObjects: 0.269853 ms CreateObjectMapping: 0.081837 ms MarkObjects: 1.943517 ms  DeleteObjects: 0.119252 ms)

========================================================================
Received Prepare
Registering precompiled user dll's ...
Registered in 0.001588 seconds.
Begin MonoManager ReloadAssembly
Native extension for OSXStandalone target not found
Native extension for WebGL target not found
Refreshing native plugins compatible for Editor in 0.40 ms, found 2 plugins.
Preloading 0 native plugins for Editor in 0.00 ms.
Mono: successfully reloaded assembly
- Completed reload, in  1.074 seconds
Platform modules already initialized, skipping
Refreshing native plugins compatible for Editor in 0.43 ms, found 2 plugins.
Preloading 0 native plugins for Editor in 0.00 ms.
Unloading 1805 Unused Serialized files (Serialized files now loaded: 0)
System memory in use before: 155.9 MB.
System memory in use after: 155.9 MB.

Unloading 12 unused Assets to reduce memory usage. Loaded Objects now: 2309.
Total: 2.371699 ms (FindLiveObjects: 0.323811 ms CreateObjectMapping: 0.093595 ms MarkObjects: 1.840271 ms  DeleteObjects: 0.111543 ms)

========================================================================
Received Import Request.
  Time since last request: 68.035877 seconds.
  path: Assets/Project/Scripts/LargerThanLife.compute
  artifactKey: Guid(17df50d64d27d471c8016c599c4fca03) Importer(815301076,1909f56bfc062723c751e8b465ee728b)
Start importing Assets/Project/Scripts/LargerThanLife.compute using Guid(17df50d64d27d471c8016c599c4fca03) Importer(815301076,1909f56bfc062723c751e8b465ee728b)  -> (artifact id: '5c2271cc05ac5cbef2360424c6763e79') in 0.019360 seconds
  Import took 0.024728 seconds .

========================================================================
Received Import Request.
  Time since last request: 0.004335 seconds.
  path: Assets/Project/Scripts/LargerThanLife.compute
  artifactKey: Guid(17df50d64d27d471c8016c599c4fca03) Importer(815301076,1909f56bfc062723c751e8b465ee728b)
Start importing Assets/Project/Scripts/LargerThanLife.compute using Guid(17df50d64d27d471c8016c599c4fca03) Importer(815301076,1909f56bfc062723c751e8b465ee728b)  -> (artifact id: '5c2271cc05ac5cbef2360424c6763e79') in 0.002444 seconds
  Import took 0.006407 seconds .

========================================================================
Received Prepare
Registering precompiled user dll's ...
Registered in 0.001013 seconds.
Begin MonoManager ReloadAssembly
Native extension for OSXStandalone target not found
Native extension for WebGL target not found
Refreshing native plugins compatible for Editor in 0.44 ms, found 2 plugins.
Preloading 0 native plugins for Editor in 0.00 ms.
Mono: successfully reloaded assembly
- Completed reload, in  1.004 seconds
Platform modules already initialized, skipping
Refreshing native plugins compatible for Editor in 0.46 ms, found 2 plugins.
Preloading 0 native plugins for Editor in 0.00 ms.
Unloading 1804 Unused Serialized files (Serialized files now loaded: 0)
System memory in use before: 156.1 MB.
System memory in use after: 156.1 MB.

Unloading 13 unused Assets to reduce memory usage. Loaded Objects now: 2312.
Total: 2.765472 ms (FindLiveObjects: 0.377387 ms CreateObjectMapping: 0.098130 ms MarkObjects: 2.139704 ms  DeleteObjects: 0.147230 ms)

========================================================================
Received Import Request.
  Time since last request: 1006.225896 seconds.
  path: Assets/Project/Scripts/Simulation.cs
  artifactKey: Guid(a52bc505d2bc64404b09eae62b1fbf6d) Importer(815301076,1909f56bfc062723c751e8b465ee728b)
Start importing Assets/Project/Scripts/Simulation.cs using Guid(a52bc505d2bc64404b09eae62b1fbf6d) Importer(815301076,1909f56bfc062723c751e8b465ee728b)  -> (artifact id: '6f86a578f38fe3bec12050cd77a848ef') in 0.346595 seconds
  Import took 0.366725 seconds .

========================================================================
Received Prepare
Registering precompiled user dll's ...
Registered in 0.002326 seconds.
Begin MonoManager ReloadAssembly
Native extension for OSXStandalone target not found
Native extension for WebGL target not found
Refreshing native plugins compatible for Editor in 0.72 ms, found 2 plugins.
Preloading 0 native plugins for Editor in 0.00 ms.
Mono: successfully reloaded assembly
- Completed reload, in  1.238 seconds
Platform modules already initialized, skipping
Refreshing native plugins compatible for Editor in 0.37 ms, found 2 plugins.
Preloading 0 native plugins for Editor in 0.00 ms.
Unloading 1804 Unused Serialized files (Serialized files now loaded: 0)
System memory in use before: 160.6 MB.
System memory in use after: 160.5 MB.

Unloading 12 unused Assets to reduce memory usage. Loaded Objects now: 2316.
Total: 2.712745 ms (FindLiveObjects: 0.506181 ms CreateObjectMapping: 0.172491 ms MarkObjects: 1.890418 ms  DeleteObjects: 0.140480 ms)

========================================================================
Received Prepare
Registering precompiled user dll's ...
Registered in 0.000610 seconds.
Begin MonoManager ReloadAssembly
Native extension for OSXStandalone target not found
Native extension for WebGL target not found
Refreshing native plugins compatible for Editor in 0.38 ms, found 2 plugins.
Preloading 0 native plugins for Editor in 0.00 ms.
Mono: successfully reloaded assembly
- Completed reload, in  0.985 seconds
Platform modules already initialized, skipping
Refreshing native plugins compatible for Editor in 0.55 ms, found 2 plugins.
Preloading 0 native plugins for Editor in 0.00 ms.
Unloading 1804 Unused Serialized files (Serialized files now loaded: 0)
System memory in use before: 160.7 MB.
System memory in use after: 160.7 MB.

Unloading 12 unused Assets to reduce memory usage. Loaded Objects now: 2320.
Total: 3.966705 ms (FindLiveObjects: 0.410492 ms CreateObjectMapping: 0.143601 ms MarkObjects: 3.233975 ms  DeleteObjects: 0.176586 ms)

========================================================================
Received Import Request.
  Time since last request: 290.196057 seconds.
  path: Assets/Project/Scripts/Simulation.cs
  artifactKey: Guid(a52bc505d2bc64404b09eae62b1fbf6d) Importer(815301076,1909f56bfc062723c751e8b465ee728b)
Start importing Assets/Project/Scripts/Simulation.cs using Guid(a52bc505d2bc64404b09eae62b1fbf6d) Importer(815301076,1909f56bfc062723c751e8b465ee728b)  -> (artifact id: '33fd4aeb8a9a8dda65c28faba3248796') in 0.010480 seconds
  Import took 0.014364 seconds .

========================================================================
Received Import Request.
  Time since last request: 0.038794 seconds.
  path: Assets/Project/Scripts/Simulation.cs
  artifactKey: Guid(a52bc505d2bc64404b09eae62b1fbf6d) Importer(815301076,1909f56bfc062723c751e8b465ee728b)
Start importing Assets/Project/Scripts/Simulation.cs using Guid(a52bc505d2bc64404b09eae62b1fbf6d) Importer(815301076,1909f56bfc062723c751e8b465ee728b)  -> (artifact id: '33fd4aeb8a9a8dda65c28faba3248796') in 0.001411 seconds
  Import took 0.006762 seconds .

========================================================================
Received Prepare
Registering precompiled user dll's ...
Registered in 0.000556 seconds.
Begin MonoManager ReloadAssembly
Native extension for OSXStandalone target not found
Native extension for WebGL target not found
Refreshing native plugins compatible for Editor in 0.36 ms, found 2 plugins.
Preloading 0 native plugins for Editor in 0.00 ms.
Mono: successfully reloaded assembly
- Completed reload, in  0.999 seconds
Platform modules already initialized, skipping
Refreshing native plugins compatible for Editor in 0.35 ms, found 2 plugins.
Preloading 0 native plugins for Editor in 0.00 ms.
Unloading 1804 Unused Serialized files (Serialized files now loaded: 0)
System memory in use before: 160.9 MB.
System memory in use after: 160.9 MB.

Unloading 12 unused Assets to reduce memory usage. Loaded Objects now: 2324.
Total: 2.598649 ms (FindLiveObjects: 0.275554 ms CreateObjectMapping: 0.087315 ms MarkObjects: 2.107670 ms  DeleteObjects: 0.126203 ms)

========================================================================
Received Prepare
Registering precompiled user dll's ...
Registered in 0.000598 seconds.
Begin MonoManager ReloadAssembly
Native extension for OSXStandalone target not found
Native extension for WebGL target not found
Refreshing native plugins compatible for Editor in 0.36 ms, found 2 plugins.
Preloading 0 native plugins for Editor in 0.00 ms.
Mono: successfully reloaded assembly
- Completed reload, in  0.959 seconds
Platform modules already initialized, skipping
Refreshing native plugins compatible for Editor in 0.37 ms, found 2 plugins.
Preloading 0 native plugins for Editor in 0.00 ms.
Unloading 1804 Unused Serialized files (Serialized files now loaded: 0)
System memory in use before: 161.1 MB.
System memory in use after: 161.1 MB.

Unloading 12 unused Assets to reduce memory usage. Loaded Objects now: 2328.
Total: 2.044968 ms (FindLiveObjects: 0.235765 ms CreateObjectMapping: 0.055631 ms MarkObjects: 1.647994 ms  DeleteObjects: 0.104707 ms)

========================================================================
Received Prepare
Registering precompiled user dll's ...
Registered in 0.002326 seconds.
Begin MonoManager ReloadAssembly
Native extension for OSXStandalone target not found
Native extension for WebGL target not found
Refreshing native plugins compatible for Editor in 1.23 ms, found 2 plugins.
Preloading 0 native plugins for Editor in 0.00 ms.
Mono: successfully reloaded assembly
- Completed reload, in  1.238 seconds
Platform modules already initialized, skipping
Refreshing native plugins compatible for Editor in 0.42 ms, found 2 plugins.
Preloading 0 native plugins for Editor in 0.00 ms.
Unloading 1804 Unused Serialized files (Serialized files now loaded: 0)
System memory in use before: 161.3 MB.
System memory in use after: 161.2 MB.

Unloading 12 unused Assets to reduce memory usage. Loaded Objects now: 2332.
Total: 2.393085 ms (FindLiveObjects: 0.310569 ms CreateObjectMapping: 0.081695 ms MarkObjects: 1.850191 ms  DeleteObjects: 0.149286 ms)

========================================================================
Received Prepare
Registering precompiled user dll's ...
Registered in 0.000579 seconds.
Begin MonoManager ReloadAssembly
Native extension for OSXStandalone target not found
Native extension for WebGL target not found
Refreshing native plugins compatible for Editor in 0.36 ms, found 2 plugins.
Preloading 0 native plugins for Editor in 0.00 ms.
Mono: successfully reloaded assembly
- Completed reload, in  1.047 seconds
Platform modules already initialized, skipping
Refreshing native plugins compatible for Editor in 0.46 ms, found 2 plugins.
Preloading 0 native plugins for Editor in 0.00 ms.
Unloading 1804 Unused Serialized files (Serialized files now loaded: 0)
System memory in use before: 161.5 MB.
System memory in use after: 161.5 MB.

Unloading 12 unused Assets to reduce memory usage. Loaded Objects now: 2336.
Total: 4.928574 ms (FindLiveObjects: 0.458487 ms CreateObjectMapping: 0.181602 ms MarkObjects: 4.103073 ms  DeleteObjects: 0.182204 ms)

========================================================================
Received Prepare
Registering precompiled user dll's ...
Registered in 0.000603 seconds.
Begin MonoManager ReloadAssembly
Native extension for OSXStandalone target not found
Native extension for WebGL target not found
Refreshing native plugins compatible for Editor in 0.37 ms, found 2 plugins.
Preloading 0 native plugins for Editor in 0.00 ms.
Mono: successfully reloaded assembly
- Completed reload, in  0.966 seconds
Platform modules already initialized, skipping
Refreshing native plugins compatible for Editor in 0.36 ms, found 2 plugins.
Preloading 0 native plugins for Editor in 0.00 ms.
Unloading 1804 Unused Serialized files (Serialized files now loaded: 0)
System memory in use before: 161.7 MB.
System memory in use after: 161.6 MB.

Unloading 12 unused Assets to reduce memory usage. Loaded Objects now: 2340.
Total: 2.087736 ms (FindLiveObjects: 0.256078 ms CreateObjectMapping: 0.066794 ms MarkObjects: 1.647173 ms  DeleteObjects: 0.116582 ms)

========================================================================
Received Prepare
Registering precompiled user dll's ...
Registered in 0.000578 seconds.
Begin MonoManager ReloadAssembly
Native extension for OSXStandalone target not found
Native extension for WebGL target not found
Refreshing native plugins compatible for Editor in 0.40 ms, found 2 plugins.
Preloading 0 native plugins for Editor in 0.00 ms.
Mono: successfully reloaded assembly
- Completed reload, in  1.021 seconds
Platform modules already initialized, skipping
Refreshing native plugins compatible for Editor in 0.35 ms, found 2 plugins.
Preloading 0 native plugins for Editor in 0.00 ms.
Unloading 1804 Unused Serialized files (Serialized files now loaded: 0)
System memory in use before: 161.9 MB.
System memory in use after: 161.9 MB.

Unloading 12 unused Assets to reduce memory usage. Loaded Objects now: 2344.
Total: 2.492240 ms (FindLiveObjects: 0.289102 ms CreateObjectMapping: 0.090634 ms MarkObjects: 1.977340 ms  DeleteObjects: 0.133336 ms)

========================================================================
Received Prepare
Registering precompiled user dll's ...
Registered in 0.000613 seconds.
Begin MonoManager ReloadAssembly
Native extension for OSXStandalone target not found
Native extension for WebGL target not found
Refreshing native plugins compatible for Editor in 0.35 ms, found 2 plugins.
Preloading 0 native plugins for Editor in 0.00 ms.
Mono: successfully reloaded assembly
- Completed reload, in  0.988 seconds
Platform modules already initialized, skipping
Refreshing native plugins compatible for Editor in 0.34 ms, found 2 plugins.
Preloading 0 native plugins for Editor in 0.00 ms.
Unloading 1804 Unused Serialized files (Serialized files now loaded: 0)
System memory in use before: 162.0 MB.
System memory in use after: 162.0 MB.

Unloading 12 unused Assets to reduce memory usage. Loaded Objects now: 2348.
Total: 2.300821 ms (FindLiveObjects: 0.250157 ms CreateObjectMapping: 0.061010 ms MarkObjects: 1.861871 ms  DeleteObjects: 0.126006 ms)

========================================================================
Received Prepare
Registering precompiled user dll's ...
Registered in 0.001427 seconds.
Begin MonoManager ReloadAssembly
Native extension for OSXStandalone target not found
Native extension for WebGL target not found
Refreshing native plugins compatible for Editor in 0.40 ms, found 2 plugins.
Preloading 0 native plugins for Editor in 0.00 ms.
Mono: successfully reloaded assembly
- Completed reload, in  1.036 seconds
Platform modules already initialized, skipping
Refreshing native plugins compatible for Editor in 0.40 ms, found 2 plugins.
Preloading 0 native plugins for Editor in 0.00 ms.
Unloading 1804 Unused Serialized files (Serialized files now loaded: 0)
System memory in use before: 162.3 MB.
System memory in use after: 162.2 MB.

Unloading 12 unused Assets to reduce memory usage. Loaded Objects now: 2352.
Total: 2.339934 ms (FindLiveObjects: 0.275685 ms CreateObjectMapping: 0.084297 ms MarkObjects: 1.862217 ms  DeleteObjects: 0.115974 ms)

========================================================================
Received Prepare
Registering precompiled user dll's ...
Registered in 0.000613 seconds.
Begin MonoManager ReloadAssembly
Native extension for OSXStandalone target not found
Native extension for WebGL target not found
Refreshing native plugins compatible for Editor in 0.36 ms, found 2 plugins.
Preloading 0 native plugins for Editor in 0.00 ms.
Mono: successfully reloaded assembly
- Completed reload, in  1.008 seconds
Platform modules already initialized, skipping
Refreshing native plugins compatible for Editor in 0.41 ms, found 2 plugins.
Preloading 0 native plugins for Editor in 0.00 ms.
Unloading 1804 Unused Serialized files (Serialized files now loaded: 0)
System memory in use before: 162.5 MB.
System memory in use after: 162.4 MB.

Unloading 12 unused Assets to reduce memory usage. Loaded Objects now: 2356.
Total: 2.335214 ms (FindLiveObjects: 0.251925 ms CreateObjectMapping: 0.069778 ms MarkObjects: 1.888910 ms  DeleteObjects: 0.123538 ms)

========================================================================
Received Prepare
Registering precompiled user dll's ...
Registered in 0.000733 seconds.
Begin MonoManager ReloadAssembly
Native extension for OSXStandalone target not found
Native extension for WebGL target not found
Refreshing native plugins compatible for Editor in 0.37 ms, found 2 plugins.
Preloading 0 native plugins for Editor in 0.00 ms.
Mono: successfully reloaded assembly
- Completed reload, in  1.039 seconds
Platform modules already initialized, skipping
Refreshing native plugins compatible for Editor in 0.30 ms, found 2 plugins.
Preloading 0 native plugins for Editor in 0.00 ms.
Unloading 1804 Unused Serialized files (Serialized files now loaded: 0)
System memory in use before: 162.6 MB.
System memory in use after: 162.6 MB.

Unloading 12 unused Assets to reduce memory usage. Loaded Objects now: 2360.
Total: 2.396577 ms (FindLiveObjects: 0.258356 ms CreateObjectMapping: 0.090565 ms MarkObjects: 1.921890 ms  DeleteObjects: 0.124077 ms)

========================================================================
Received Prepare
Registering precompiled user dll's ...
Registered in 0.000572 seconds.
Begin MonoManager ReloadAssembly
Native extension for OSXStandalone target not found
Native extension for WebGL target not found
Refreshing native plugins compatible for Editor in 0.35 ms, found 2 plugins.
Preloading 0 native plugins for Editor in 0.00 ms.
Mono: successfully reloaded assembly
- Completed reload, in  0.993 seconds
Platform modules already initialized, skipping
Refreshing native plugins compatible for Editor in 0.37 ms, found 2 plugins.
Preloading 0 native plugins for Editor in 0.00 ms.
Unloading 1804 Unused Serialized files (Serialized files now loaded: 0)
System memory in use before: 162.8 MB.
System memory in use after: 162.8 MB.

Unloading 12 unused Assets to reduce memory usage. Loaded Objects now: 2364.
Total: 2.537325 ms (FindLiveObjects: 0.257561 ms CreateObjectMapping: 0.072224 ms MarkObjects: 2.067405 ms  DeleteObjects: 0.138950 ms)

========================================================================
Received Prepare
Registering precompiled user dll's ...
Registered in 0.000587 seconds.
Begin MonoManager ReloadAssembly
Native extension for OSXStandalone target not found
Native extension for WebGL target not found
Refreshing native plugins compatible for Editor in 0.36 ms, found 2 plugins.
Preloading 0 native plugins for Editor in 0.00 ms.
Mono: successfully reloaded assembly
- Completed reload, in  0.981 seconds
Platform modules already initialized, skipping
Refreshing native plugins compatible for Editor in 0.36 ms, found 2 plugins.
Preloading 0 native plugins for Editor in 0.00 ms.
Unloading 1804 Unused Serialized files (Serialized files now loaded: 0)
System memory in use before: 163.0 MB.
System memory in use after: 163.0 MB.

Unloading 12 unused Assets to reduce memory usage. Loaded Objects now: 2368.
Total: 2.179519 ms (FindLiveObjects: 0.315739 ms CreateObjectMapping: 0.080790 ms MarkObjects: 1.667409 ms  DeleteObjects: 0.114459 ms)

========================================================================
Received Prepare
Registering precompiled user dll's ...
Registered in 0.000547 seconds.
Begin MonoManager ReloadAssembly
Native extension for OSXStandalone target not found
Native extension for WebGL target not found
Refreshing native plugins compatible for Editor in 0.43 ms, found 2 plugins.
Preloading 0 native plugins for Editor in 0.00 ms.
Mono: successfully reloaded assembly
- Completed reload, in  1.026 seconds
Platform modules already initialized, skipping
Refreshing native plugins compatible for Editor in 0.29 ms, found 2 plugins.
Preloading 0 native plugins for Editor in 0.00 ms.
Unloading 1804 Unused Serialized files (Serialized files now loaded: 0)
System memory in use before: 163.2 MB.
System memory in use after: 163.2 MB.

Unloading 12 unused Assets to reduce memory usage. Loaded Objects now: 2372.
Total: 2.420337 ms (FindLiveObjects: 0.226981 ms CreateObjectMapping: 0.088645 ms MarkObjects: 1.975455 ms  DeleteObjects: 0.127802 ms)

========================================================================
Received Prepare
Registering precompiled user dll's ...
Registered in 0.001422 seconds.
Begin MonoManager ReloadAssembly
Native extension for OSXStandalone target not found
Native extension for WebGL target not found
Refreshing native plugins compatible for Editor in 0.40 ms, found 2 plugins.
Preloading 0 native plugins for Editor in 0.00 ms.
Mono: successfully reloaded assembly
- Completed reload, in  1.012 seconds
Platform modules already initialized, skipping
Refreshing native plugins compatible for Editor in 0.32 ms, found 2 plugins.
Preloading 0 native plugins for Editor in 0.00 ms.
Unloading 1804 Unused Serialized files (Serialized files now loaded: 0)
System memory in use before: 163.4 MB.
System memory in use after: 163.4 MB.

Unloading 12 unused Assets to reduce memory usage. Loaded Objects now: 2376.
Total: 2.367205 ms (FindLiveObjects: 0.283981 ms CreateObjectMapping: 0.080820 ms MarkObjects: 1.882576 ms  DeleteObjects: 0.118208 ms)

========================================================================
Received Import Request.
  Time since last request: 6358.721812 seconds.
  path: Assets/Project/Scripts/Simulation.cs
  artifactKey: Guid(a52bc505d2bc64404b09eae62b1fbf6d) Importer(815301076,1909f56bfc062723c751e8b465ee728b)
Start importing Assets/Project/Scripts/Simulation.cs using Guid(a52bc505d2bc64404b09eae62b1fbf6d) Importer(815301076,1909f56bfc062723c751e8b465ee728b)  -> (artifact id: 'a115d10c453fbc5b1158e35e2aabbd6f') in 0.016747 seconds
  Import took 0.021172 seconds .

========================================================================
Received Import Request.
  Time since last request: 0.023657 seconds.
  path: Assets/Project/Scripts/Simulation.cs
  artifactKey: Guid(a52bc505d2bc64404b09eae62b1fbf6d) Importer(815301076,1909f56bfc062723c751e8b465ee728b)
Start importing Assets/Project/Scripts/Simulation.cs using Guid(a52bc505d2bc64404b09eae62b1fbf6d) Importer(815301076,1909f56bfc062723c751e8b465ee728b)  -> (artifact id: 'a115d10c453fbc5b1158e35e2aabbd6f') in 0.001543 seconds
  Import took 0.006670 seconds .

========================================================================
Received Prepare
Registering precompiled user dll's ...
Registered in 0.000591 seconds.
Begin MonoManager ReloadAssembly
Native extension for OSXStandalone target not found
Native extension for WebGL target not found
Refreshing native plugins compatible for Editor in 0.35 ms, found 2 plugins.
Preloading 0 native plugins for Editor in 0.00 ms.
Mono: successfully reloaded assembly
- Completed reload, in  0.977 seconds
Platform modules already initialized, skipping
Refreshing native plugins compatible for Editor in 0.46 ms, found 2 plugins.
Preloading 0 native plugins for Editor in 0.00 ms.
Unloading 1804 Unused Serialized files (Serialized files now loaded: 0)
System memory in use before: 163.6 MB.
System memory in use after: 163.6 MB.

Unloading 12 unused Assets to reduce memory usage. Loaded Objects now: 2380.
Total: 4.890589 ms (FindLiveObjects: 0.467171 ms CreateObjectMapping: 0.181084 ms MarkObjects: 4.042328 ms  DeleteObjects: 0.196665 ms)

========================================================================
Received Prepare
Registering precompiled user dll's ...
Registered in 0.000594 seconds.
Begin MonoManager ReloadAssembly
Native extension for OSXStandalone target not found
Native extension for WebGL target not found
Refreshing native plugins compatible for Editor in 0.37 ms, found 2 plugins.
Preloading 0 native plugins for Editor in 0.00 ms.
Mono: successfully reloaded assembly
- Completed reload, in  0.996 seconds
Platform modules already initialized, skipping
Refreshing native plugins compatible for Editor in 0.43 ms, found 2 plugins.
Preloading 0 native plugins for Editor in 0.00 ms.
Unloading 1804 Unused Serialized files (Serialized files now loaded: 0)
System memory in use before: 163.8 MB.
System memory in use after: 163.8 MB.

Unloading 12 unused Assets to reduce memory usage. Loaded Objects now: 2384.
Total: 2.237076 ms (FindLiveObjects: 0.233770 ms CreateObjectMapping: 0.071035 ms MarkObjects: 1.821070 ms  DeleteObjects: 0.110013 ms)

========================================================================
Received Prepare
Registering precompiled user dll's ...
Registered in 0.000591 seconds.
Begin MonoManager ReloadAssembly
Native extension for OSXStandalone target not found
Native extension for WebGL target not found
Refreshing native plugins compatible for Editor in 0.37 ms, found 2 plugins.
Preloading 0 native plugins for Editor in 0.00 ms.
Mono: successfully reloaded assembly
- Completed reload, in  0.985 seconds
Platform modules already initialized, skipping
Refreshing native plugins compatible for Editor in 0.41 ms, found 2 plugins.
Preloading 0 native plugins for Editor in 0.00 ms.
Unloading 1804 Unused Serialized files (Serialized files now loaded: 0)
System memory in use before: 164.0 MB.
System memory in use after: 164.0 MB.

Unloading 12 unused Assets to reduce memory usage. Loaded Objects now: 2388.
Total: 2.470135 ms (FindLiveObjects: 0.314062 ms CreateObjectMapping: 0.087862 ms MarkObjects: 1.946260 ms  DeleteObjects: 0.119898 ms)

========================================================================
Received Prepare
Registering precompiled user dll's ...
Registered in 0.000588 seconds.
Begin MonoManager ReloadAssembly
Native extension for OSXStandalone target not found
Native extension for WebGL target not found
Refreshing native plugins compatible for Editor in 0.35 ms, found 2 plugins.
Preloading 0 native plugins for Editor in 0.00 ms.
Mono: successfully reloaded assembly
- Completed reload, in  1.016 seconds
Platform modules already initialized, skipping
Refreshing native plugins compatible for Editor in 0.36 ms, found 2 plugins.
Preloading 0 native plugins for Editor in 0.00 ms.
Unloading 1804 Unused Serialized files (Serialized files now loaded: 0)
System memory in use before: 164.2 MB.
System memory in use after: 164.2 MB.

Unloading 12 unused Assets to reduce memory usage. Loaded Objects now: 2392.
Total: 2.722943 ms (FindLiveObjects: 0.301354 ms CreateObjectMapping: 0.095793 ms MarkObjects: 2.188163 ms  DeleteObjects: 0.135443 ms)

========================================================================
Received Prepare
Registering precompiled user dll's ...
Registered in 0.000579 seconds.
Begin MonoManager ReloadAssembly
Native extension for OSXStandalone target not found
Native extension for WebGL target not found
Refreshing native plugins compatible for Editor in 0.36 ms, found 2 plugins.
Preloading 0 native plugins for Editor in 0.00 ms.
Mono: successfully reloaded assembly
- Completed reload, in  0.993 seconds
Platform modules already initialized, skipping
Refreshing native plugins compatible for Editor in 0.41 ms, found 2 plugins.
Preloading 0 native plugins for Editor in 0.00 ms.
Unloading 1804 Unused Serialized files (Serialized files now loaded: 0)
System memory in use before: 164.4 MB.
System memory in use after: 164.4 MB.

Unloading 12 unused Assets to reduce memory usage. Loaded Objects now: 2396.
Total: 2.252878 ms (FindLiveObjects: 0.236674 ms CreateObjectMapping: 0.060176 ms MarkObjects: 1.844014 ms  DeleteObjects: 0.110858 ms)

========================================================================
Received Prepare
Registering precompiled user dll's ...
Registered in 0.000541 seconds.
Begin MonoManager ReloadAssembly
Native extension for OSXStandalone target not found
Native extension for WebGL target not found
Refreshing native plugins compatible for Editor in 0.38 ms, found 2 plugins.
Preloading 0 native plugins for Editor in 0.00 ms.
Mono: successfully reloaded assembly
- Completed reload, in  1.027 seconds
Platform modules already initialized, skipping
Refreshing native plugins compatible for Editor in 0.39 ms, found 2 plugins.
Preloading 0 native plugins for Editor in 0.00 ms.
Unloading 1804 Unused Serialized files (Serialized files now loaded: 0)
System memory in use before: 164.6 MB.
System memory in use after: 164.6 MB.

Unloading 12 unused Assets to reduce memory usage. Loaded Objects now: 2400.
Total: 2.582174 ms (FindLiveObjects: 0.361914 ms CreateObjectMapping: 0.096874 ms MarkObjects: 1.996760 ms  DeleteObjects: 0.124721 ms)

========================================================================
Received Prepare
Registering precompiled user dll's ...
Registered in 0.000570 seconds.
Begin MonoManager ReloadAssembly
Native extension for OSXStandalone target not found
Native extension for WebGL target not found
Refreshing native plugins compatible for Editor in 0.41 ms, found 2 plugins.
Preloading 0 native plugins for Editor in 0.00 ms.
Mono: successfully reloaded assembly
- Completed reload, in  1.031 seconds
Platform modules already initialized, skipping
Refreshing native plugins compatible for Editor in 0.36 ms, found 2 plugins.
Preloading 0 native plugins for Editor in 0.00 ms.
Unloading 1804 Unused Serialized files (Serialized files now loaded: 0)
System memory in use before: 164.8 MB.
System memory in use after: 164.7 MB.

Unloading 12 unused Assets to reduce memory usage. Loaded Objects now: 2404.
Total: 2.257714 ms (FindLiveObjects: 0.243720 ms CreateObjectMapping: 0.069986 ms MarkObjects: 1.835490 ms  DeleteObjects: 0.107335 ms)

========================================================================
Received Prepare
Registering precompiled user dll's ...
Registered in 0.000916 seconds.
Begin MonoManager ReloadAssembly
Native extension for OSXStandalone target not found
Native extension for WebGL target not found
Refreshing native plugins compatible for Editor in 0.36 ms, found 2 plugins.
Preloading 0 native plugins for Editor in 0.00 ms.
Mono: successfully reloaded assembly
- Completed reload, in  1.014 seconds
Platform modules already initialized, skipping
Refreshing native plugins compatible for Editor in 1.03 ms, found 2 plugins.
Preloading 0 native plugins for Editor in 0.00 ms.
Unloading 1804 Unused Serialized files (Serialized files now loaded: 0)
System memory in use before: 165.0 MB.
System memory in use after: 164.9 MB.

Unloading 12 unused Assets to reduce memory usage. Loaded Objects now: 2408.
Total: 4.238320 ms (FindLiveObjects: 0.423954 ms CreateObjectMapping: 0.167426 ms MarkObjects: 3.457671 ms  DeleteObjects: 0.186537 ms)

